<?xml version='1.0' encoding='utf-8'?>
<testsuite hostname="muffin-Inspiron-One-2330" name="dolldelivery.FileLoaderSpec$" tests="2" errors="0" failures="0" skipped="0" time="0.014">
        <properties>
[...]
</properties>
        <testcase name="FileLoader should::load all the edges from a file" classname="dolldelivery.FileLoaderSpec$" time="0.007">
        
      </testcase><testcase name="FileLoader should::load the correct start/end vertices" classname="dolldelivery.FileLoaderSpec$" time="0.006">
        
      </testcase>
        <system-out></system-out>
        <system-err></system-err>
      </testsuite>